2024-09-22 23:23:50 - INFO - root - Logging is set up. Log file: .\logs\auto_log.log
2024-09-22 23:23:50 - INFO - root - Starting the test suite.
2024-09-22 23:23:50 - INFO - root - Logging is set up. Log file: .\logs\auto_log.log
2024-09-22 23:23:50 - INFO - root - Logging is set up. Log file: .\logs\auto_log.log
2024-09-22 23:23:50 - INFO - root - Starting scenario: Register a new user successfully
2024-09-22 23:23:50 - INFO - root - Starting scenario: Register a new user successfully
2024-09-22 23:23:50 - INFO - WDM - ====== WebDriver manager ======
2024-09-22 23:23:50 - INFO - WDM - ====== WebDriver manager ======
2024-09-22 23:23:53 - INFO - WDM - Get LATEST edgedriver version for Edge 129.0.2792
2024-09-22 23:23:53 - INFO - WDM - Get LATEST edgedriver version for Edge 129.0.2792
2024-09-22 23:23:54 - INFO - WDM - Get LATEST edgedriver version for Edge 129.0.2792
2024-09-22 23:23:54 - INFO - WDM - Get LATEST edgedriver version for Edge 129.0.2792
2024-09-22 23:23:54 - INFO - WDM - Driver [C:\Users\karim.belboukhari\.wdm\drivers\edgedriver\win64\129.0.2792.52\msedgedriver.exe] found in cache
2024-09-22 23:23:54 - INFO - WDM - Driver [C:\Users\karim.belboukhari\.wdm\drivers\edgedriver\win64\129.0.2792.52\msedgedriver.exe] found in cache
2024-09-22 23:24:02 - INFO - root - Logging is set up. Log file: .\logs\auto_log.log
2024-09-22 23:24:02 - INFO - root - Logging is set up. Log file: .\logs\auto_log.log
2024-09-22 23:24:02 - INFO - root - Logging is set up. Log file: .\logs\auto_log.log
2024-09-22 23:24:02 - INFO - root - Finished scenario: Register a new user successfully
2024-09-22 23:24:02 - INFO - root - Finished scenario: Register a new user successfully
2024-09-22 23:24:02 - INFO - root - Finished scenario: Register a new user successfully
2024-09-22 23:24:08 - INFO - root - Logging is set up. Log file: .\logs\auto_log.log
2024-09-22 23:24:08 - INFO - root - Logging is set up. Log file: .\logs\auto_log.log
2024-09-22 23:24:08 - INFO - root - Logging is set up. Log file: .\logs\auto_log.log
2024-09-22 23:24:08 - INFO - root - Logging is set up. Log file: .\logs\auto_log.log
2024-09-22 23:24:08 - INFO - root - Starting scenario: Fail to register due to missing required fields
2024-09-22 23:24:08 - INFO - root - Starting scenario: Fail to register due to missing required fields
2024-09-22 23:24:08 - INFO - root - Starting scenario: Fail to register due to missing required fields
2024-09-22 23:24:08 - INFO - root - Starting scenario: Fail to register due to missing required fields
2024-09-22 23:24:08 - INFO - WDM - ====== WebDriver manager ======
2024-09-22 23:24:08 - INFO - WDM - ====== WebDriver manager ======
2024-09-22 23:24:08 - INFO - WDM - ====== WebDriver manager ======
2024-09-22 23:24:08 - INFO - WDM - ====== WebDriver manager ======
2024-09-22 23:24:11 - INFO - WDM - Get LATEST edgedriver version for Edge 129.0.2792
2024-09-22 23:24:11 - INFO - WDM - Get LATEST edgedriver version for Edge 129.0.2792
2024-09-22 23:24:11 - INFO - WDM - Get LATEST edgedriver version for Edge 129.0.2792
2024-09-22 23:24:11 - INFO - WDM - Get LATEST edgedriver version for Edge 129.0.2792
2024-09-22 23:24:12 - INFO - WDM - Get LATEST edgedriver version for Edge 129.0.2792
2024-09-22 23:24:12 - INFO - WDM - Get LATEST edgedriver version for Edge 129.0.2792
2024-09-22 23:24:12 - INFO - WDM - Get LATEST edgedriver version for Edge 129.0.2792
2024-09-22 23:24:12 - INFO - WDM - Get LATEST edgedriver version for Edge 129.0.2792
2024-09-22 23:24:12 - INFO - WDM - Driver [C:\Users\karim.belboukhari\.wdm\drivers\edgedriver\win64\129.0.2792.52\msedgedriver.exe] found in cache
2024-09-22 23:24:12 - INFO - WDM - Driver [C:\Users\karim.belboukhari\.wdm\drivers\edgedriver\win64\129.0.2792.52\msedgedriver.exe] found in cache
2024-09-22 23:24:12 - INFO - WDM - Driver [C:\Users\karim.belboukhari\.wdm\drivers\edgedriver\win64\129.0.2792.52\msedgedriver.exe] found in cache
2024-09-22 23:24:12 - INFO - WDM - Driver [C:\Users\karim.belboukhari\.wdm\drivers\edgedriver\win64\129.0.2792.52\msedgedriver.exe] found in cache
2024-09-22 23:24:19 - INFO - root - Logging is set up. Log file: .\logs\auto_log.log
2024-09-22 23:24:19 - INFO - root - Logging is set up. Log file: .\logs\auto_log.log
2024-09-22 23:24:19 - INFO - root - Logging is set up. Log file: .\logs\auto_log.log
2024-09-22 23:24:19 - INFO - root - Logging is set up. Log file: .\logs\auto_log.log
2024-09-22 23:24:19 - INFO - root - Logging is set up. Log file: .\logs\auto_log.log
2024-09-22 23:24:19 - INFO - root - Finished scenario: Fail to register due to missing required fields
2024-09-22 23:24:19 - INFO - root - Finished scenario: Fail to register due to missing required fields
2024-09-22 23:24:19 - INFO - root - Finished scenario: Fail to register due to missing required fields
2024-09-22 23:24:19 - INFO - root - Finished scenario: Fail to register due to missing required fields
2024-09-22 23:24:19 - INFO - root - Finished scenario: Fail to register due to missing required fields
2024-09-22 23:24:25 - INFO - root - Logging is set up. Log file: .\logs\auto_log.log
2024-09-22 23:24:25 - INFO - root - Logging is set up. Log file: .\logs\auto_log.log
2024-09-22 23:24:25 - INFO - root - Logging is set up. Log file: .\logs\auto_log.log
2024-09-22 23:24:25 - INFO - root - Logging is set up. Log file: .\logs\auto_log.log
2024-09-22 23:24:25 - INFO - root - Logging is set up. Log file: .\logs\auto_log.log
2024-09-22 23:24:25 - INFO - root - Logging is set up. Log file: .\logs\auto_log.log
2024-09-22 23:24:25 - INFO - root - Test suite finished
2024-09-22 23:24:25 - INFO - root - Test suite finished
2024-09-22 23:24:25 - INFO - root - Test suite finished
2024-09-22 23:24:25 - INFO - root - Test suite finished
2024-09-22 23:24:25 - INFO - root - Test suite finished
2024-09-22 23:24:25 - INFO - root - Test suite finished
2024-09-22 23:29:10 - INFO - root - Logging is set up. Log file: .\logs\auto_log.log
2024-09-22 23:29:10 - INFO - root - Starting the test suite.
2024-09-22 23:29:10 - INFO - root - Logging is set up. Log file: .\logs\auto_log.log
2024-09-22 23:29:10 - INFO - root - Logging is set up. Log file: .\logs\auto_log.log
2024-09-22 23:29:10 - INFO - root - Starting scenario: Register a new user successfully
2024-09-22 23:29:10 - INFO - root - Starting scenario: Register a new user successfully
2024-09-22 23:29:10 - INFO - WDM - ====== WebDriver manager ======
2024-09-22 23:29:10 - INFO - WDM - ====== WebDriver manager ======
2024-09-22 23:29:13 - INFO - WDM - Get LATEST edgedriver version for Edge 129.0.2792
2024-09-22 23:29:13 - INFO - WDM - Get LATEST edgedriver version for Edge 129.0.2792
2024-09-22 23:29:13 - INFO - WDM - Get LATEST edgedriver version for Edge 129.0.2792
2024-09-22 23:29:13 - INFO - WDM - Get LATEST edgedriver version for Edge 129.0.2792
2024-09-22 23:29:13 - INFO - WDM - Driver [C:\Users\karim.belboukhari\.wdm\drivers\edgedriver\win64\129.0.2792.52\msedgedriver.exe] found in cache
2024-09-22 23:29:13 - INFO - WDM - Driver [C:\Users\karim.belboukhari\.wdm\drivers\edgedriver\win64\129.0.2792.52\msedgedriver.exe] found in cache
2024-09-22 23:29:21 - INFO - root - Logging is set up. Log file: .\logs\auto_log.log
2024-09-22 23:29:21 - INFO - root - Logging is set up. Log file: .\logs\auto_log.log
2024-09-22 23:29:21 - INFO - root - Logging is set up. Log file: .\logs\auto_log.log
2024-09-22 23:29:21 - INFO - root - Finished scenario: Register a new user successfully
2024-09-22 23:29:21 - INFO - root - Finished scenario: Register a new user successfully
2024-09-22 23:29:21 - INFO - root - Finished scenario: Register a new user successfully
2024-09-22 23:29:29 - INFO - root - Logging is set up. Log file: .\logs\auto_log.log
2024-09-22 23:29:29 - INFO - root - Logging is set up. Log file: .\logs\auto_log.log
2024-09-22 23:29:29 - INFO - root - Logging is set up. Log file: .\logs\auto_log.log
2024-09-22 23:29:29 - INFO - root - Logging is set up. Log file: .\logs\auto_log.log
2024-09-22 23:29:29 - INFO - root - Starting scenario: Fail to register due to missing required fields
2024-09-22 23:29:29 - INFO - root - Starting scenario: Fail to register due to missing required fields
2024-09-22 23:29:29 - INFO - root - Starting scenario: Fail to register due to missing required fields
2024-09-22 23:29:29 - INFO - root - Starting scenario: Fail to register due to missing required fields
2024-09-22 23:29:29 - INFO - WDM - ====== WebDriver manager ======
2024-09-22 23:29:29 - INFO - WDM - ====== WebDriver manager ======
2024-09-22 23:29:29 - INFO - WDM - ====== WebDriver manager ======
2024-09-22 23:29:29 - INFO - WDM - ====== WebDriver manager ======
2024-09-22 23:29:31 - INFO - WDM - Get LATEST edgedriver version for Edge 129.0.2792
2024-09-22 23:29:31 - INFO - WDM - Get LATEST edgedriver version for Edge 129.0.2792
2024-09-22 23:29:31 - INFO - WDM - Get LATEST edgedriver version for Edge 129.0.2792
2024-09-22 23:29:31 - INFO - WDM - Get LATEST edgedriver version for Edge 129.0.2792
2024-09-22 23:29:31 - INFO - WDM - Get LATEST edgedriver version for Edge 129.0.2792
2024-09-22 23:29:31 - INFO - WDM - Get LATEST edgedriver version for Edge 129.0.2792
2024-09-22 23:29:31 - INFO - WDM - Get LATEST edgedriver version for Edge 129.0.2792
2024-09-22 23:29:31 - INFO - WDM - Get LATEST edgedriver version for Edge 129.0.2792
2024-09-22 23:29:31 - INFO - WDM - Driver [C:\Users\karim.belboukhari\.wdm\drivers\edgedriver\win64\129.0.2792.52\msedgedriver.exe] found in cache
2024-09-22 23:29:31 - INFO - WDM - Driver [C:\Users\karim.belboukhari\.wdm\drivers\edgedriver\win64\129.0.2792.52\msedgedriver.exe] found in cache
2024-09-22 23:29:31 - INFO - WDM - Driver [C:\Users\karim.belboukhari\.wdm\drivers\edgedriver\win64\129.0.2792.52\msedgedriver.exe] found in cache
2024-09-22 23:29:31 - INFO - WDM - Driver [C:\Users\karim.belboukhari\.wdm\drivers\edgedriver\win64\129.0.2792.52\msedgedriver.exe] found in cache
2024-09-22 23:29:37 - INFO - root - Logging is set up. Log file: .\logs\auto_log.log
2024-09-22 23:29:37 - INFO - root - Logging is set up. Log file: .\logs\auto_log.log
2024-09-22 23:29:37 - INFO - root - Logging is set up. Log file: .\logs\auto_log.log
2024-09-22 23:29:37 - INFO - root - Logging is set up. Log file: .\logs\auto_log.log
2024-09-22 23:29:37 - INFO - root - Logging is set up. Log file: .\logs\auto_log.log
2024-09-22 23:29:37 - INFO - root - Finished scenario: Fail to register due to missing required fields
2024-09-22 23:29:37 - INFO - root - Finished scenario: Fail to register due to missing required fields
2024-09-22 23:29:37 - INFO - root - Finished scenario: Fail to register due to missing required fields
2024-09-22 23:29:37 - INFO - root - Finished scenario: Fail to register due to missing required fields
2024-09-22 23:29:37 - INFO - root - Finished scenario: Fail to register due to missing required fields
2024-09-22 23:29:44 - INFO - root - Logging is set up. Log file: .\logs\auto_log.log
2024-09-22 23:29:44 - INFO - root - Logging is set up. Log file: .\logs\auto_log.log
2024-09-22 23:29:44 - INFO - root - Logging is set up. Log file: .\logs\auto_log.log
2024-09-22 23:29:44 - INFO - root - Logging is set up. Log file: .\logs\auto_log.log
2024-09-22 23:29:44 - INFO - root - Logging is set up. Log file: .\logs\auto_log.log
2024-09-22 23:29:44 - INFO - root - Logging is set up. Log file: .\logs\auto_log.log
2024-09-22 23:29:44 - INFO - root - Test suite finished
2024-09-22 23:29:44 - INFO - root - Test suite finished
2024-09-22 23:29:44 - INFO - root - Test suite finished
2024-09-22 23:29:44 - INFO - root - Test suite finished
2024-09-22 23:29:44 - INFO - root - Test suite finished
2024-09-22 23:29:44 - INFO - root - Test suite finished
2024-09-22 23:30:16 - INFO - root - Logging is set up. Log file: .\logs\auto_log.log
2024-09-22 23:30:16 - INFO - root - Starting the test suite.
2024-09-22 23:30:16 - INFO - root - Logging is set up. Log file: .\logs\auto_log.log
2024-09-22 23:30:16 - INFO - root - Logging is set up. Log file: .\logs\auto_log.log
2024-09-22 23:30:16 - INFO - root - Starting scenario: Register a new user successfully
2024-09-22 23:30:16 - INFO - root - Starting scenario: Register a new user successfully
2024-09-22 23:30:16 - INFO - WDM - ====== WebDriver manager ======
2024-09-22 23:30:16 - INFO - WDM - ====== WebDriver manager ======
2024-09-22 23:30:19 - INFO - WDM - Get LATEST edgedriver version for Edge 129.0.2792
2024-09-22 23:30:19 - INFO - WDM - Get LATEST edgedriver version for Edge 129.0.2792
2024-09-22 23:30:19 - INFO - WDM - Get LATEST edgedriver version for Edge 129.0.2792
2024-09-22 23:30:19 - INFO - WDM - Get LATEST edgedriver version for Edge 129.0.2792
2024-09-22 23:30:19 - INFO - WDM - Driver [C:\Users\karim.belboukhari\.wdm\drivers\edgedriver\win64\129.0.2792.52\msedgedriver.exe] found in cache
2024-09-22 23:30:19 - INFO - WDM - Driver [C:\Users\karim.belboukhari\.wdm\drivers\edgedriver\win64\129.0.2792.52\msedgedriver.exe] found in cache
2024-09-22 23:30:25 - INFO - root - Logging is set up. Log file: .\logs\auto_log.log
2024-09-22 23:30:25 - INFO - root - Logging is set up. Log file: .\logs\auto_log.log
2024-09-22 23:30:25 - INFO - root - Logging is set up. Log file: .\logs\auto_log.log
2024-09-22 23:30:25 - INFO - root - Finished scenario: Register a new user successfully
2024-09-22 23:30:25 - INFO - root - Finished scenario: Register a new user successfully
2024-09-22 23:30:25 - INFO - root - Finished scenario: Register a new user successfully
2024-09-22 23:30:32 - INFO - root - Logging is set up. Log file: .\logs\auto_log.log
2024-09-22 23:30:32 - INFO - root - Logging is set up. Log file: .\logs\auto_log.log
2024-09-22 23:30:32 - INFO - root - Logging is set up. Log file: .\logs\auto_log.log
2024-09-22 23:30:32 - INFO - root - Logging is set up. Log file: .\logs\auto_log.log
2024-09-22 23:30:32 - INFO - root - Starting scenario: Fail to register due to missing required fields
2024-09-22 23:30:32 - INFO - root - Starting scenario: Fail to register due to missing required fields
2024-09-22 23:30:32 - INFO - root - Starting scenario: Fail to register due to missing required fields
2024-09-22 23:30:32 - INFO - root - Starting scenario: Fail to register due to missing required fields
2024-09-22 23:30:32 - INFO - WDM - ====== WebDriver manager ======
2024-09-22 23:30:32 - INFO - WDM - ====== WebDriver manager ======
2024-09-22 23:30:32 - INFO - WDM - ====== WebDriver manager ======
2024-09-22 23:30:32 - INFO - WDM - ====== WebDriver manager ======
2024-09-22 23:30:35 - INFO - WDM - Get LATEST edgedriver version for Edge 129.0.2792
2024-09-22 23:30:35 - INFO - WDM - Get LATEST edgedriver version for Edge 129.0.2792
2024-09-22 23:30:35 - INFO - WDM - Get LATEST edgedriver version for Edge 129.0.2792
2024-09-22 23:30:35 - INFO - WDM - Get LATEST edgedriver version for Edge 129.0.2792
2024-09-22 23:30:35 - INFO - WDM - Get LATEST edgedriver version for Edge 129.0.2792
2024-09-22 23:30:35 - INFO - WDM - Get LATEST edgedriver version for Edge 129.0.2792
2024-09-22 23:30:35 - INFO - WDM - Get LATEST edgedriver version for Edge 129.0.2792
2024-09-22 23:30:35 - INFO - WDM - Get LATEST edgedriver version for Edge 129.0.2792
2024-09-22 23:30:35 - INFO - WDM - Driver [C:\Users\karim.belboukhari\.wdm\drivers\edgedriver\win64\129.0.2792.52\msedgedriver.exe] found in cache
2024-09-22 23:30:35 - INFO - WDM - Driver [C:\Users\karim.belboukhari\.wdm\drivers\edgedriver\win64\129.0.2792.52\msedgedriver.exe] found in cache
2024-09-22 23:30:35 - INFO - WDM - Driver [C:\Users\karim.belboukhari\.wdm\drivers\edgedriver\win64\129.0.2792.52\msedgedriver.exe] found in cache
2024-09-22 23:30:35 - INFO - WDM - Driver [C:\Users\karim.belboukhari\.wdm\drivers\edgedriver\win64\129.0.2792.52\msedgedriver.exe] found in cache
2024-09-22 23:30:42 - INFO - root - Logging is set up. Log file: .\logs\auto_log.log
2024-09-22 23:30:42 - INFO - root - Logging is set up. Log file: .\logs\auto_log.log
2024-09-22 23:30:42 - INFO - root - Logging is set up. Log file: .\logs\auto_log.log
2024-09-22 23:30:42 - INFO - root - Logging is set up. Log file: .\logs\auto_log.log
2024-09-22 23:30:42 - INFO - root - Logging is set up. Log file: .\logs\auto_log.log
2024-09-22 23:30:42 - INFO - root - Finished scenario: Fail to register due to missing required fields
2024-09-22 23:30:42 - INFO - root - Finished scenario: Fail to register due to missing required fields
2024-09-22 23:30:42 - INFO - root - Finished scenario: Fail to register due to missing required fields
2024-09-22 23:30:42 - INFO - root - Finished scenario: Fail to register due to missing required fields
2024-09-22 23:30:42 - INFO - root - Finished scenario: Fail to register due to missing required fields
2024-09-22 23:30:44 - INFO - root - Logging is set up. Log file: .\logs\auto_log.log
2024-09-22 23:30:44 - INFO - root - Logging is set up. Log file: .\logs\auto_log.log
2024-09-22 23:30:44 - INFO - root - Logging is set up. Log file: .\logs\auto_log.log
2024-09-22 23:30:44 - INFO - root - Logging is set up. Log file: .\logs\auto_log.log
2024-09-22 23:30:44 - INFO - root - Logging is set up. Log file: .\logs\auto_log.log
2024-09-22 23:30:44 - INFO - root - Logging is set up. Log file: .\logs\auto_log.log
2024-09-22 23:30:44 - INFO - root - Test suite finished
2024-09-22 23:30:44 - INFO - root - Test suite finished
2024-09-22 23:30:44 - INFO - root - Test suite finished
2024-09-22 23:30:44 - INFO - root - Test suite finished
2024-09-22 23:30:44 - INFO - root - Test suite finished
2024-09-22 23:30:44 - INFO - root - Test suite finished
2024-09-22 23:35:23 - INFO - root - Logging is set up. Log file: .\logs\auto_log.log
2024-09-22 23:35:23 - INFO - root - Starting the test suite.
2024-09-22 23:35:23 - INFO - root - Logging is set up. Log file: .\logs\auto_log.log
2024-09-22 23:35:23 - INFO - root - Logging is set up. Log file: .\logs\auto_log.log
2024-09-22 23:35:23 - INFO - root - Starting scenario: Register a new user successfully
2024-09-22 23:35:23 - INFO - root - Starting scenario: Register a new user successfully
2024-09-22 23:35:23 - INFO - WDM - ====== WebDriver manager ======
2024-09-22 23:35:23 - INFO - WDM - ====== WebDriver manager ======
2024-09-22 23:35:26 - INFO - WDM - Get LATEST edgedriver version for Edge 129.0.2792
2024-09-22 23:35:26 - INFO - WDM - Get LATEST edgedriver version for Edge 129.0.2792
2024-09-22 23:35:26 - INFO - WDM - Get LATEST edgedriver version for Edge 129.0.2792
2024-09-22 23:35:26 - INFO - WDM - Get LATEST edgedriver version for Edge 129.0.2792
2024-09-22 23:35:26 - INFO - WDM - Driver [C:\Users\karim.belboukhari\.wdm\drivers\edgedriver\win64\129.0.2792.52\msedgedriver.exe] found in cache
2024-09-22 23:35:26 - INFO - WDM - Driver [C:\Users\karim.belboukhari\.wdm\drivers\edgedriver\win64\129.0.2792.52\msedgedriver.exe] found in cache
2024-09-22 23:35:34 - INFO - root - Logging is set up. Log file: .\logs\auto_log.log
2024-09-22 23:35:34 - INFO - root - Logging is set up. Log file: .\logs\auto_log.log
2024-09-22 23:35:34 - INFO - root - Logging is set up. Log file: .\logs\auto_log.log
2024-09-22 23:35:34 - INFO - root - Finished scenario: Register a new user successfully
2024-09-22 23:35:34 - INFO - root - Finished scenario: Register a new user successfully
2024-09-22 23:35:34 - INFO - root - Finished scenario: Register a new user successfully
2024-09-22 23:35:40 - INFO - root - Logging is set up. Log file: .\logs\auto_log.log
2024-09-22 23:35:40 - INFO - root - Logging is set up. Log file: .\logs\auto_log.log
2024-09-22 23:35:40 - INFO - root - Logging is set up. Log file: .\logs\auto_log.log
2024-09-22 23:35:40 - INFO - root - Logging is set up. Log file: .\logs\auto_log.log
2024-09-22 23:35:40 - INFO - root - Starting scenario: Fail to register due to missing required fields
2024-09-22 23:35:40 - INFO - root - Starting scenario: Fail to register due to missing required fields
2024-09-22 23:35:40 - INFO - root - Starting scenario: Fail to register due to missing required fields
2024-09-22 23:35:40 - INFO - root - Starting scenario: Fail to register due to missing required fields
2024-09-22 23:35:40 - INFO - WDM - ====== WebDriver manager ======
2024-09-22 23:35:40 - INFO - WDM - ====== WebDriver manager ======
2024-09-22 23:35:40 - INFO - WDM - ====== WebDriver manager ======
2024-09-22 23:35:40 - INFO - WDM - ====== WebDriver manager ======
2024-09-22 23:35:43 - INFO - WDM - Get LATEST edgedriver version for Edge 129.0.2792
2024-09-22 23:35:43 - INFO - WDM - Get LATEST edgedriver version for Edge 129.0.2792
2024-09-22 23:35:43 - INFO - WDM - Get LATEST edgedriver version for Edge 129.0.2792
2024-09-22 23:35:43 - INFO - WDM - Get LATEST edgedriver version for Edge 129.0.2792
2024-09-22 23:35:43 - INFO - WDM - Get LATEST edgedriver version for Edge 129.0.2792
2024-09-22 23:35:43 - INFO - WDM - Get LATEST edgedriver version for Edge 129.0.2792
2024-09-22 23:35:43 - INFO - WDM - Get LATEST edgedriver version for Edge 129.0.2792
2024-09-22 23:35:43 - INFO - WDM - Get LATEST edgedriver version for Edge 129.0.2792
2024-09-22 23:35:43 - INFO - WDM - Driver [C:\Users\karim.belboukhari\.wdm\drivers\edgedriver\win64\129.0.2792.52\msedgedriver.exe] found in cache
2024-09-22 23:35:43 - INFO - WDM - Driver [C:\Users\karim.belboukhari\.wdm\drivers\edgedriver\win64\129.0.2792.52\msedgedriver.exe] found in cache
2024-09-22 23:35:43 - INFO - WDM - Driver [C:\Users\karim.belboukhari\.wdm\drivers\edgedriver\win64\129.0.2792.52\msedgedriver.exe] found in cache
2024-09-22 23:35:43 - INFO - WDM - Driver [C:\Users\karim.belboukhari\.wdm\drivers\edgedriver\win64\129.0.2792.52\msedgedriver.exe] found in cache
2024-09-22 23:35:50 - INFO - root - Logging is set up. Log file: .\logs\auto_log.log
2024-09-22 23:35:50 - INFO - root - Logging is set up. Log file: .\logs\auto_log.log
2024-09-22 23:35:50 - INFO - root - Logging is set up. Log file: .\logs\auto_log.log
2024-09-22 23:35:50 - INFO - root - Logging is set up. Log file: .\logs\auto_log.log
2024-09-22 23:35:50 - INFO - root - Logging is set up. Log file: .\logs\auto_log.log
2024-09-22 23:35:50 - INFO - root - Finished scenario: Fail to register due to missing required fields
2024-09-22 23:35:50 - INFO - root - Finished scenario: Fail to register due to missing required fields
2024-09-22 23:35:50 - INFO - root - Finished scenario: Fail to register due to missing required fields
2024-09-22 23:35:50 - INFO - root - Finished scenario: Fail to register due to missing required fields
2024-09-22 23:35:50 - INFO - root - Finished scenario: Fail to register due to missing required fields
2024-09-22 23:35:53 - INFO - root - Logging is set up. Log file: .\logs\auto_log.log
2024-09-22 23:35:53 - INFO - root - Logging is set up. Log file: .\logs\auto_log.log
2024-09-22 23:35:53 - INFO - root - Logging is set up. Log file: .\logs\auto_log.log
2024-09-22 23:35:53 - INFO - root - Logging is set up. Log file: .\logs\auto_log.log
2024-09-22 23:35:53 - INFO - root - Logging is set up. Log file: .\logs\auto_log.log
2024-09-22 23:35:53 - INFO - root - Logging is set up. Log file: .\logs\auto_log.log
2024-09-22 23:35:53 - INFO - root - Test suite finished
2024-09-22 23:35:53 - INFO - root - Test suite finished
2024-09-22 23:35:53 - INFO - root - Test suite finished
2024-09-22 23:35:53 - INFO - root - Test suite finished
2024-09-22 23:35:53 - INFO - root - Test suite finished
2024-09-22 23:35:53 - INFO - root - Test suite finished
2024-09-22 23:39:14 - INFO - root - Logging is set up. Log file: .\logs\auto_log.log
2024-09-22 23:39:14 - INFO - root - Starting the test suite.
2024-09-22 23:39:14 - INFO - root - Logging is set up. Log file: .\logs\auto_log.log
2024-09-22 23:39:14 - INFO - root - Logging is set up. Log file: .\logs\auto_log.log
2024-09-22 23:39:14 - INFO - root - Starting scenario: Register a new user successfully
2024-09-22 23:39:14 - INFO - root - Starting scenario: Register a new user successfully
2024-09-22 23:39:14 - INFO - WDM - ====== WebDriver manager ======
2024-09-22 23:39:14 - INFO - WDM - ====== WebDriver manager ======
2024-09-22 23:39:17 - INFO - WDM - Get LATEST edgedriver version for Edge 129.0.2792
2024-09-22 23:39:17 - INFO - WDM - Get LATEST edgedriver version for Edge 129.0.2792
2024-09-22 23:39:17 - INFO - WDM - Get LATEST edgedriver version for Edge 129.0.2792
2024-09-22 23:39:17 - INFO - WDM - Get LATEST edgedriver version for Edge 129.0.2792
2024-09-22 23:39:17 - INFO - WDM - Driver [C:\Users\karim.belboukhari\.wdm\drivers\edgedriver\win64\129.0.2792.52\msedgedriver.exe] found in cache
2024-09-22 23:39:17 - INFO - WDM - Driver [C:\Users\karim.belboukhari\.wdm\drivers\edgedriver\win64\129.0.2792.52\msedgedriver.exe] found in cache
2024-09-22 23:39:25 - INFO - root - Logging is set up. Log file: .\logs\auto_log.log
2024-09-22 23:39:25 - INFO - root - Logging is set up. Log file: .\logs\auto_log.log
2024-09-22 23:39:25 - INFO - root - Logging is set up. Log file: .\logs\auto_log.log
2024-09-22 23:39:25 - INFO - root - Finished scenario: Register a new user successfully
2024-09-22 23:39:25 - INFO - root - Finished scenario: Register a new user successfully
2024-09-22 23:39:25 - INFO - root - Finished scenario: Register a new user successfully
2024-09-22 23:39:32 - INFO - root - Logging is set up. Log file: .\logs\auto_log.log
2024-09-22 23:39:32 - INFO - root - Logging is set up. Log file: .\logs\auto_log.log
2024-09-22 23:39:32 - INFO - root - Logging is set up. Log file: .\logs\auto_log.log
2024-09-22 23:39:32 - INFO - root - Logging is set up. Log file: .\logs\auto_log.log
2024-09-22 23:39:32 - INFO - root - Starting scenario: Fail to register due to missing required fields
2024-09-22 23:39:32 - INFO - root - Starting scenario: Fail to register due to missing required fields
2024-09-22 23:39:32 - INFO - root - Starting scenario: Fail to register due to missing required fields
2024-09-22 23:39:32 - INFO - root - Starting scenario: Fail to register due to missing required fields
2024-09-22 23:39:32 - INFO - WDM - ====== WebDriver manager ======
2024-09-22 23:39:32 - INFO - WDM - ====== WebDriver manager ======
2024-09-22 23:39:32 - INFO - WDM - ====== WebDriver manager ======
2024-09-22 23:39:32 - INFO - WDM - ====== WebDriver manager ======
2024-09-22 23:39:35 - INFO - WDM - Get LATEST edgedriver version for Edge 129.0.2792
2024-09-22 23:39:35 - INFO - WDM - Get LATEST edgedriver version for Edge 129.0.2792
2024-09-22 23:39:35 - INFO - WDM - Get LATEST edgedriver version for Edge 129.0.2792
2024-09-22 23:39:35 - INFO - WDM - Get LATEST edgedriver version for Edge 129.0.2792
2024-09-22 23:39:35 - INFO - WDM - Get LATEST edgedriver version for Edge 129.0.2792
2024-09-22 23:39:35 - INFO - WDM - Get LATEST edgedriver version for Edge 129.0.2792
2024-09-22 23:39:35 - INFO - WDM - Get LATEST edgedriver version for Edge 129.0.2792
2024-09-22 23:39:35 - INFO - WDM - Get LATEST edgedriver version for Edge 129.0.2792
2024-09-22 23:39:35 - INFO - WDM - Driver [C:\Users\karim.belboukhari\.wdm\drivers\edgedriver\win64\129.0.2792.52\msedgedriver.exe] found in cache
2024-09-22 23:39:35 - INFO - WDM - Driver [C:\Users\karim.belboukhari\.wdm\drivers\edgedriver\win64\129.0.2792.52\msedgedriver.exe] found in cache
2024-09-22 23:39:35 - INFO - WDM - Driver [C:\Users\karim.belboukhari\.wdm\drivers\edgedriver\win64\129.0.2792.52\msedgedriver.exe] found in cache
2024-09-22 23:39:35 - INFO - WDM - Driver [C:\Users\karim.belboukhari\.wdm\drivers\edgedriver\win64\129.0.2792.52\msedgedriver.exe] found in cache
2024-09-22 23:39:41 - INFO - root - Logging is set up. Log file: .\logs\auto_log.log
2024-09-22 23:39:41 - INFO - root - Logging is set up. Log file: .\logs\auto_log.log
2024-09-22 23:39:41 - INFO - root - Logging is set up. Log file: .\logs\auto_log.log
2024-09-22 23:39:41 - INFO - root - Logging is set up. Log file: .\logs\auto_log.log
2024-09-22 23:39:41 - INFO - root - Logging is set up. Log file: .\logs\auto_log.log
2024-09-22 23:39:41 - INFO - root - Finished scenario: Fail to register due to missing required fields
2024-09-22 23:39:41 - INFO - root - Finished scenario: Fail to register due to missing required fields
2024-09-22 23:39:41 - INFO - root - Finished scenario: Fail to register due to missing required fields
2024-09-22 23:39:41 - INFO - root - Finished scenario: Fail to register due to missing required fields
2024-09-22 23:39:41 - INFO - root - Finished scenario: Fail to register due to missing required fields
2024-09-22 23:39:43 - INFO - root - Logging is set up. Log file: .\logs\auto_log.log
2024-09-22 23:39:43 - INFO - root - Logging is set up. Log file: .\logs\auto_log.log
2024-09-22 23:39:43 - INFO - root - Logging is set up. Log file: .\logs\auto_log.log
2024-09-22 23:39:43 - INFO - root - Logging is set up. Log file: .\logs\auto_log.log
2024-09-22 23:39:43 - INFO - root - Logging is set up. Log file: .\logs\auto_log.log
2024-09-22 23:39:43 - INFO - root - Logging is set up. Log file: .\logs\auto_log.log
2024-09-22 23:39:43 - INFO - root - Test suite finished
2024-09-22 23:39:43 - INFO - root - Test suite finished
2024-09-22 23:39:43 - INFO - root - Test suite finished
2024-09-22 23:39:43 - INFO - root - Test suite finished
2024-09-22 23:39:43 - INFO - root - Test suite finished
2024-09-22 23:39:43 - INFO - root - Test suite finished
